0 info it worked if it ends with ok
1 verbose cli [ '/home/charles/.nvm/versions/node/v7.6.0/bin/node',
1 verbose cli   '/home/charles/.nvm/versions/node/v7.6.0/bin/npm',
1 verbose cli   'install',
1 verbose cli   'node-lint',
1 verbose cli   '--save' ]
2 info using npm@4.1.2
3 info using node@v7.6.0
4 silly loadCurrentTree Starting
5 silly install loadCurrentTree
6 silly install readLocalPackageData
7 silly fetchPackageMetaData node-lint
8 silly fetchNamedPackageData node-lint
9 silly mapToRegistry name node-lint
10 silly mapToRegistry using default registry
11 silly mapToRegistry registry https://registry.npmjs.org/
12 silly mapToRegistry data Result {
12 silly mapToRegistry   raw: 'node-lint',
12 silly mapToRegistry   scope: null,
12 silly mapToRegistry   escapedName: 'node-lint',
12 silly mapToRegistry   name: 'node-lint',
12 silly mapToRegistry   rawSpec: '',
12 silly mapToRegistry   spec: 'latest',
12 silly mapToRegistry   type: 'tag' }
13 silly mapToRegistry uri https://registry.npmjs.org/node-lint
14 verbose request uri https://registry.npmjs.org/node-lint
15 verbose request no auth needed
16 info attempt registry request try #1 at 4:30:32 PM
17 verbose request using bearer token for auth
18 verbose request id e9da042a418257b8
19 http request GET https://registry.npmjs.org/node-lint
20 http 404 https://registry.npmjs.org/node-lint
21 verbose headers { 'content-type': 'application/json',
21 verbose headers   'cache-control': 'max-age=0',
21 verbose headers   'content-length': '2',
21 verbose headers   'accept-ranges': 'bytes',
21 verbose headers   date: 'Fri, 01 Dec 2017 16:30:33 GMT',
21 verbose headers   via: '1.1 varnish',
21 verbose headers   connection: 'keep-alive',
21 verbose headers   'x-served-by': 'cache-lcy19224-LCY',
21 verbose headers   'x-cache': 'MISS',
21 verbose headers   'x-cache-hits': '0',
21 verbose headers   'x-timer': 'S1512145832.086324,VS0,VE1158',
21 verbose headers   vary: 'Accept-Encoding' }
22 silly get cb [ 404,
22 silly get   { 'content-type': 'application/json',
22 silly get     'cache-control': 'max-age=0',
22 silly get     'content-length': '2',
22 silly get     'accept-ranges': 'bytes',
22 silly get     date: 'Fri, 01 Dec 2017 16:30:33 GMT',
22 silly get     via: '1.1 varnish',
22 silly get     connection: 'keep-alive',
22 silly get     'x-served-by': 'cache-lcy19224-LCY',
22 silly get     'x-cache': 'MISS',
22 silly get     'x-cache-hits': '0',
22 silly get     'x-timer': 'S1512145832.086324,VS0,VE1158',
22 silly get     vary: 'Accept-Encoding' } ]
23 silly fetchPackageMetaData Error: Registry returned 404 for GET on https://registry.npmjs.org/node-lint
23 silly fetchPackageMetaData     at makeError (/home/charles/.nvm/versions/node/v7.6.0/lib/node_modules/npm/node_modules/npm-registry-client/lib/request.js:304:12)
23 silly fetchPackageMetaData     at CachingRegistryClient.<anonymous> (/home/charles/.nvm/versions/node/v7.6.0/lib/node_modules/npm/node_modules/npm-registry-client/lib/request.js:282:14)
23 silly fetchPackageMetaData     at Request._callback (/home/charles/.nvm/versions/node/v7.6.0/lib/node_modules/npm/node_modules/npm-registry-client/lib/request.js:212:14)
23 silly fetchPackageMetaData     at Request.self.callback (/home/charles/.nvm/versions/node/v7.6.0/lib/node_modules/npm/node_modules/request/request.js:186:22)
23 silly fetchPackageMetaData     at emitTwo (events.js:106:13)
23 silly fetchPackageMetaData     at Request.emit (events.js:192:7)
23 silly fetchPackageMetaData     at Request.<anonymous> (/home/charles/.nvm/versions/node/v7.6.0/lib/node_modules/npm/node_modules/request/request.js:1081:10)
23 silly fetchPackageMetaData     at emitOne (events.js:96:13)
23 silly fetchPackageMetaData     at Request.emit (events.js:189:7)
23 silly fetchPackageMetaData     at IncomingMessage.<anonymous> (/home/charles/.nvm/versions/node/v7.6.0/lib/node_modules/npm/node_modules/request/request.js:1001:12)
23 silly fetchPackageMetaData  error for node-lint { Error: Registry returned 404 for GET on https://registry.npmjs.org/node-lint
23 silly fetchPackageMetaData     at makeError (/home/charles/.nvm/versions/node/v7.6.0/lib/node_modules/npm/node_modules/npm-registry-client/lib/request.js:304:12)
23 silly fetchPackageMetaData     at CachingRegistryClient.<anonymous> (/home/charles/.nvm/versions/node/v7.6.0/lib/node_modules/npm/node_modules/npm-registry-client/lib/request.js:282:14)
23 silly fetchPackageMetaData     at Request._callback (/home/charles/.nvm/versions/node/v7.6.0/lib/node_modules/npm/node_modules/npm-registry-client/lib/request.js:212:14)
23 silly fetchPackageMetaData     at Request.self.callback (/home/charles/.nvm/versions/node/v7.6.0/lib/node_modules/npm/node_modules/request/request.js:186:22)
23 silly fetchPackageMetaData     at emitTwo (events.js:106:13)
23 silly fetchPackageMetaData     at Request.emit (events.js:192:7)
23 silly fetchPackageMetaData     at Request.<anonymous> (/home/charles/.nvm/versions/node/v7.6.0/lib/node_modules/npm/node_modules/request/request.js:1081:10)
23 silly fetchPackageMetaData     at emitOne (events.js:96:13)
23 silly fetchPackageMetaData     at Request.emit (events.js:189:7)
23 silly fetchPackageMetaData     at IncomingMessage.<anonymous> (/home/charles/.nvm/versions/node/v7.6.0/lib/node_modules/npm/node_modules/request/request.js:1001:12) pkgid: 'node-lint', statusCode: 404, code: 'E404' }
24 silly rollbackFailedOptional Starting
25 silly rollbackFailedOptional Finishing
26 silly runTopLevelLifecycles Finishing
27 silly install printInstalled
28 verbose stack Error: Registry returned 404 for GET on https://registry.npmjs.org/node-lint
28 verbose stack     at makeError (/home/charles/.nvm/versions/node/v7.6.0/lib/node_modules/npm/node_modules/npm-registry-client/lib/request.js:304:12)
28 verbose stack     at CachingRegistryClient.<anonymous> (/home/charles/.nvm/versions/node/v7.6.0/lib/node_modules/npm/node_modules/npm-registry-client/lib/request.js:282:14)
28 verbose stack     at Request._callback (/home/charles/.nvm/versions/node/v7.6.0/lib/node_modules/npm/node_modules/npm-registry-client/lib/request.js:212:14)
28 verbose stack     at Request.self.callback (/home/charles/.nvm/versions/node/v7.6.0/lib/node_modules/npm/node_modules/request/request.js:186:22)
28 verbose stack     at emitTwo (events.js:106:13)
28 verbose stack     at Request.emit (events.js:192:7)
28 verbose stack     at Request.<anonymous> (/home/charles/.nvm/versions/node/v7.6.0/lib/node_modules/npm/node_modules/request/request.js:1081:10)
28 verbose stack     at emitOne (events.js:96:13)
28 verbose stack     at Request.emit (events.js:189:7)
28 verbose stack     at IncomingMessage.<anonymous> (/home/charles/.nvm/versions/node/v7.6.0/lib/node_modules/npm/node_modules/request/request.js:1001:12)
29 verbose statusCode 404
30 verbose pkgid node-lint
31 verbose cwd /home/charles/Code/forum-microservice
32 error Linux 4.4.0-91-generic
33 error argv "/home/charles/.nvm/versions/node/v7.6.0/bin/node" "/home/charles/.nvm/versions/node/v7.6.0/bin/npm" "install" "node-lint" "--save"
34 error node v7.6.0
35 error npm  v4.1.2
36 error code E404
37 error 404 Registry returned 404 for GET on https://registry.npmjs.org/node-lint
38 error 404
39 error 404 'node-lint' is not in the npm registry.
40 error 404 You should bug the author to publish it (or use the name yourself!)
41 error 404 Note that you can also install from a
42 error 404 tarball, folder, http url, or git url.
43 verbose exit [ 1, true ]
